[10May2025 00:04:12.706] [Server thread/INFO] [net.minecraft.server.MinecraftServer/]: BURPIX has made the advancement [A Seedy Place]
[10May2025 00:13:33.690] [Server thread/INFO] [net.minecraft.server.MinecraftServer/]: BURPIX has made the advancement [This Looks Edible]
[10May2025 00:15:27.779] [Server thread/INFO] [de.melanx.skyblockbuilder.SkyblockBuilder/]: No valid spawn position found, searching...
[10May2025 00:21:12.983] [Server thread/INFO] [net.minecraft.server.MinecraftServer/]: XFetch has made the advancement [Ashes 'n Bones]
[10May2025 00:21:30.248] [Server thread/INFO] [net.minecraft.server.MinecraftServer/]: DStevenTy has reached the goal [Strong or Careful]
[10May2025 00:21:30.250] [Server thread/INFO] [net.minecraft.server.MinecraftServer/]: DStevenTy was slain by Earid the Burger Chef
[10May2025 00:21:30.264] [Server thread/INFO] [net.minecraft.server.MinecraftServer/]: DStevenTy has made the advancement [Your First Grave]
[10May2025 00:21:30.269] [Server thread/INFO] [tombstone/]: The player DStevenTy has successfully been saved
[10May2025 00:21:44.919] [Server thread/INFO] [net.minecraft.server.MinecraftServer/]: DStevenTy has reached the goal [Here They Come]
[10May2025 00:21:46.287] [Server thread/INFO] [net.minecraft.server.MinecraftServer/]: DStevenTy was slain by Earid the Burger Chef
[10May2025 00:21:46.293] [Server thread/INFO] [tombstone/]: The player DStevenTy has successfully been saved
[10May2025 00:21:55.843] [Server thread/INFO] [net.minecraft.server.MinecraftServer/]: DStevenTy has reached the goal [Chain Death]
[10May2025 00:21:55.844] [Server thread/INFO] [net.minecraft.server.MinecraftServer/]: DStevenTy was slain by Earid the Burger Chef
[10May2025 00:21:55.849] [Server thread/INFO] [tombstone/]: The player DStevenTy has successfully been saved
[10May2025 00:22:41.753] [Server thread/INFO] [net.minecraft.server.MinecraftServer/]: BURPIX has made the advancement [All the Little Cogs]
[10May2025 00:23:25.308] [Server thread/INFO] [net.minecraft.world.entity.LivingEntity/]: Named entity Vindicator['Earid the Burger Chef'/2171, l='ServerLevel[world]', x=2.52, y=69.00, z=4094.55] died: Earid the Burger Chef was slain by DStevenTy
[10May2025 00:23:25.588] [Server thread/INFO] [net.minecraft.server.MinecraftServer/]: DStevenTy has made the advancement [Far From Perfect]
[10May2025 00:23:25.590] [Server thread/INFO] [net.minecraft.server.MinecraftServer/]: DStevenTy has made the advancement [Not a Diamond]
[10May2025 00:23:26.088] [Server thread/INFO] [net.minecraft.server.MinecraftServer/]: DStevenTy has completed the challenge [He Wasn't So Strong]
[10May2025 00:23:26.089] [Server thread/INFO] [net.minecraft.server.MinecraftServer/]: DStevenTy has reached the goal [Worthy Equipment]
[10May2025 00:23:26.089] [Server thread/INFO] [net.minecraft.server.MinecraftServer/]: DStevenTy has made the advancement [Apothic Affixes]
[10May2025 00:25:58.603] [Server thread/INFO] [net.minecraft.server.MinecraftServer/]: BURPIX has made the advancement [Stone Age]
[10May2025 00:27:34.505] [Server thread/INFO] [net.minecraft.server.MinecraftServer/]: DStevenTy has made the advancement [Bonfire Lit]
[10May2025 00:36:11.759] [Server thread/INFO] [net.minecraft.server.MinecraftServer/]: XFetch has made the advancement [Squeezing like a boss]
[10May2025 00:39:13.381] [Server thread/INFO] [net.minecraft.server.MinecraftServer/]: BURPIX has made the advancement [Sweet Dreams]
[10May2025 00:39:54.004] [Server thread/INFO] [net.minecraft.server.MinecraftServer/]: BURPIX has made the advancement [Getting an Upgrade]
[10May2025 00:40:09.081] [Server thread/INFO] [net.minecraft.server.MinecraftServer/]: XFetch has made the advancement [Isn't It Iron Pick]
[10May2025 00:49:23.240] [Server thread/INFO] [net.minecraft.server.MinecraftServer/]: BURPIX has made the advancement [Acquire Hardware]
[10May2025 00:49:24.987] [Server thread/INFO] [net.minecraft.server.MinecraftServer/]: DStevenTy has made the advancement [Hot Stuff]
[10May2025 00:59:13.870] [Server thread/INFO] [net.minecraft.world.entity.LivingEntity/]: Named entity Husk['Ebloo'/4421, l='ServerLevel[world]', x=-0.55, y=68.00, z=4101.00] died: Ebloo was slain by DStevenTy
[10May2025 01:01:29.319] [Server thread/WARN] [net.minecraft.server.network.ServerGamePacketListenerImpl/]: BURPIX moved too quickly! 0.0,399.0055436384173,0.0
[10May2025 01:02:11.736] [Server thread/INFO] [net.minecraft.server.MinecraftServer/]: BURPIX has made the advancement [Hearty Meal]
[10May2025 01:05:35.170] [Server thread/INFO] [net.minecraft.server.MinecraftServer/]: <XFetch> :feelsbadman::feelsbadman::feelsbadman::feelsbadman:
[10May2025 01:05:47.571] [Server thread/INFO] [net.minecraft.server.MinecraftServer/]: <DStevenTy> :monka_gun::monka_gun::monka_gun::monka_gun:
[10May2025 01:05:57.920] [Server thread/INFO] [net.minecraft.server.MinecraftServer/]: <BURPIX> :peped::peped::peped::peped::peped::peped:
[10May2025 01:05:58.455] [Server thread/INFO] [net.minecraft.server.MinecraftServer/]: <DStevenTy> :thonk::thonk::thonk::thonk:
[10May2025 01:06:03.957] [Server thread/INFO] [net.minecraft.server.MinecraftServer/]: <XFetch> :lul::lul::lul::lul::lul::lul::catjam::catjam::catjam::catjam::catjam::catjam::catjam:
[10May2025 01:06:20.524] [Server thread/INFO] [net.minecraft.server.MinecraftServer/]: <DStevenTy> :bongocat::bongocat::bongocat::bongocat::bongocat:
[10May2025 01:06:23.145] [Server thread/INFO] [net.minecraft.server.MinecraftServer/]: <BURPIX> :scyes::scyes::scyes::scyes::scyes::scyes::scyes:
[10May2025 01:06:44.455] [Server thread/INFO] [net.minecraft.server.MinecraftServer/]: <DStevenTy> :kappa::kappa::kappa:
[10May2025 01:07:05.537] [Server thread/INFO] [net.minecraft.server.MinecraftServer/]: <XFetch> :blobban::blobban::blobban::blobban::blobban::blobban::blobban::blobban:
[10May2025 01:08:19.291] [Server thread/INFO] [net.minecraft.server.MinecraftServer/]: XFetch has made the advancement [Neighborhood Brawl]
[10May2025 01:09:18.622] [Server thread/INFO] [net.minecraft.server.MinecraftServer/]: XFetch has made the advancement [Knowledge raises the soul]
[10May2025 01:09:47.929] [Server thread/INFO] [net.minecraft.server.MinecraftServer/]: XFetch has reached the goal [Die Classy]
[10May2025 01:13:32.652] [Server thread/INFO] [net.minecraft.server.MinecraftServer/]: XFetch has made the advancement [The Andesite Age]
[10May2025 01:15:08.332] [Server thread/INFO] [net.minecraft.server.MinecraftServer/]: BURPIX has made the advancement [Monster Hunter]
[10May2025 01:18:08.385] [Server thread/INFO] [net.minecraft.server.network.ServerGamePacketListenerImpl/]: BURPIX lost connection: Disconnected
[10May2025 01:18:08.385] [Server thread/INFO] [net.minecraft.server.MinecraftServer/]: BURPIX left the game
[10May2025 01:22:00.322] [User Authenticator #5/INFO] [net.minecraft.server.network.ServerLoginPacketListenerImpl/]: UUID of player BURPIX is 6fed3f05-bff7-4353-b404-ff9663cb4625
[10May2025 01:22:12.061] [Server thread/INFO] [net.minecraft.server.players.PlayerList/]: BURPIX[/127.205.129.119:43619] logged in with entity id 5665 at (-4097.5065027897745, 67.0, 3.7221073612474145)
[10May2025 01:22:12.150] [Server thread/INFO] [net.minecraft.server.MinecraftServer/]: BURPIX joined the game
[10May2025 01:22:12.256] [Server thread/INFO] [Jade/]: Syncing config to BURPIX (6fed3f05-bff7-4353-b404-ff9663cb4625)
[10May2025 01:22:12.257] [Server thread/INFO] [de.melanx.skyblockbuilder.SkyblockBuilder/]: Cached profiles: 3 (-2 unused), uncached profiles: 0, total profiles: 5
[10May2025 01:24:54.188] [Server thread/INFO] [net.minecraft.server.network.ServerGamePacketListenerImpl/]: BURPIX lost connection: Disconnected
[10May2025 01:24:54.189] [Server thread/INFO] [net.minecraft.server.MinecraftServer/]: BURPIX left the game
[10May2025 01:32:31.288] [Server thread/INFO] [de.melanx.skyblockbuilder.SkyblockBuilder/]: No valid spawn position found, searching...
